{
  "RSpec": {
    "coverage": {
      "/home/itkoskin/Documents/Projects/ratebeer/app/models/rating.rb": [
        1,
        1,
        1,
        null,
        1,
        null,
        null,
        null,
        1,
        16,
        null,
        null,
        null
      ],
      "/home/itkoskin/Documents/Projects/ratebeer/app/helpers/application_helper.rb": [
        1,
        null
      ],
      "/home/itkoskin/Documents/Projects/ratebeer/app/helpers/beers_helper.rb": [
        1,
        null
      ],
      "/home/itkoskin/Documents/Projects/ratebeer/app/helpers/breweries_helper.rb": [
        1,
        null
      ],
      "/home/itkoskin/Documents/Projects/ratebeer/app/helpers/users_helper.rb": [
        1,
        null
      ],
      "/home/itkoskin/Documents/Projects/ratebeer/app/models/beer.rb": [
        1,
        1,
        1,
        1,
        1,
        1,
        null,
        1,
        1,
        null,
        null,
        null,
        null,
        null,
        1,
        5,
        null,
        null
      ],
      "/home/itkoskin/Documents/Projects/ratebeer/app/models/concerns/rating_average.rb": [
        1,
        1,
        1,
        5,
        null,
        null
      ],
      "/home/itkoskin/Documents/Projects/ratebeer/app/models/brewery.rb": [
        1,
        1,
        1,
        1,
        null,
        null,
        null,
        null,
        null,
        null,
        1,
        1,
        null,
        1,
        0,
        34,
        null,
        null,
        null,
        1,
        0,
        0,
        0,
        null,
        null,
        1,
        0,
        0,
        null,
        null,
        null,
        null,
        null,
        null
      ],
      "/home/itkoskin/Documents/Projects/ratebeer/app/models/style.rb": [
        1,
        1,
        null
      ],
      "/home/itkoskin/Documents/Projects/ratebeer/app/models/user.rb": [
        1,
        1,
        1,
        1,
        1,
        1,
        null,
        1,
        1,
        1,
        1,
        null,
        null,
        1,
        6,
        5,
        null,
        null,
        1,
        6,
        6,
        6,
        null,
        6,
        6,
        6,
        6,
        null,
        null,
        null,
        6,
        null,
        null,
        null,
        null,
        1,
        5,
        5,
        5,
        null,
        5,
        5,
        5,
        5,
        null,
        null,
        5,
        null,
        null,
        null,
        null
      ],
      "/home/itkoskin/Documents/Projects/ratebeer/app/controllers/breweries_controller.rb": [
        1,
        1,
        1,
        null,
        null,
        null,
        1,
        3,
        null,
        null,
        null,
        null,
        null,
        1,
        null,
        null,
        null,
        1,
        0,
        null,
        null,
        null,
        1,
        null,
        null,
        null,
        null,
        1,
        0,
        null,
        0,
        0,
        0,
        0,
        null,
        0,
        0,
        null,
        null,
        null,
        null,
        null,
        null,
        1,
        0,
        0,
        0,
        0,
        null,
        0,
        0,
        null,
        null,
        null,
        null,
        null,
        null,
        1,
        0,
        0,
        0,
        0,
        null,
        null,
        null,
        1,
        null,
        null,
        null,
        null,
        null,
        null,
        null,
        null,
        null,
        null,
        null,
        1,
        1,
        null,
        null,
        null,
        1,
        0,
        null,
        null
      ],
      "/home/itkoskin/Documents/Projects/ratebeer/app/controllers/application_controller.rb": [
        1,
        null,
        null,
        1,
        null,
        null,
        1,
        null,
        null,
        null,
        1,
        107,
        60,
        null,
        null,
        1,
        4,
        null,
        null,
        null
      ],
      "/home/itkoskin/Documents/Projects/ratebeer/app/controllers/sessions_controller.rb": [
        1,
        1,
        null,
        null,
        null,
        1,
        null,
        6,
        null,
        6,
        5,
        5,
        null,
        1,
        null,
        null,
        null,
        null,
        null,
        null,
        null,
        null,
        null,
        null,
        null,
        null,
        null,
        null,
        null,
        null,
        null,
        1,
        null,
        0,
        0,
        null,
        null
      ],
      "/home/itkoskin/Documents/Projects/ratebeer/app/controllers/users_controller.rb": [
        1,
        1,
        null,
        null,
        null,
        1,
        1,
        null,
        null,
        null,
        null,
        1,
        null,
        null,
        null,
        1,
        1,
        null,
        null,
        null,
        1,
        null,
        null,
        null,
        null,
        1,
        1,
        null,
        1,
        1,
        2,
        1,
        null,
        0,
        0,
        null,
        null,
        null,
        null,
        null,
        null,
        1,
        0,
        0,
        0,
        0,
        null,
        0,
        null,
        null,
        0,
        0,
        0,
        null,
        0,
        0,
        null,
        null,
        null,
        null,
        null,
        null,
        null,
        1,
        0,
        0,
        0,
        null,
        null,
        0,
        0,
        0,
        0,
        0,
        null,
        0,
        null,
        null,
        null,
        null,
        null,
        1,
        null,
        1,
        10,
        null,
        null,
        null,
        1,
        1,
        null,
        null
      ],
      "/home/itkoskin/Documents/Projects/ratebeer/app/controllers/beers_controller.rb": [
        1,
        1,
        1,
        1,
        null,
        null,
        null,
        1,
        1,
        null,
        null,
        null,
        null,
        1,
        null,
        0,
        0,
        null,
        null,
        null,
        1,
        2,
        null,
        null,
        null,
        null,
        null,
        1,
        null,
        null,
        null,
        null,
        null,
        null,
        1,
        2,
        null,
        2,
        2,
        2,
        1,
        null,
        null,
        null,
        1,
        2,
        1,
        null,
        null,
        null,
        null,
        null,
        null,
        1,
        0,
        0,
        0,
        0,
        null,
        0,
        0,
        null,
        null,
        null,
        null,
        null,
        null,
        1,
        0,
        0,
        0,
        0,
        null,
        null,
        null,
        1,
        null,
        1,
        0,
        null,
        null,
        null,
        1,
        2,
        null,
        null,
        1,
        3,
        3,
        null,
        null
      ],
      "/home/itkoskin/Documents/Projects/ratebeer/lib/beermapping_api.rb": [
        1,
        null,
        1,
        6,
        11,
        null,
        null,
        1,
        5,
        null,
        null,
        5,
        5,
        null,
        null,
        5,
        null,
        null,
        4,
        null,
        4,
        5,
        null,
        null,
        null,
        1,
        0,
        0,
        null,
        null,
        null,
        1,
        5,
        5,
        null,
        null
      ],
      "/home/itkoskin/Documents/Projects/ratebeer/app/models/place.rb": [
        1,
        null,
        1,
        29,
        null,
        null
      ],
      "/home/itkoskin/Documents/Projects/ratebeer/app/controllers/places_controller.rb": [
        null,
        1,
        null,
        1,
        null,
        1,
        null,
        null,
        null,
        1,
        3,
        3,
        1,
        null,
        2,
        2,
        null,
        null,
        null,
        1,
        0,
        0,
        0,
        0,
        0,
        null,
        null,
        null,
        null
      ],
      "/home/itkoskin/Documents/Projects/ratebeer/app/controllers/ratings_controller.rb": [
        1,
        1,
        3,
        null,
        3,
        null,
        null,
        null,
        1,
        1,
        null,
        1,
        null,
        null,
        null,
        null,
        null,
        null,
        null,
        null,
        null,
        null,
        null,
        null,
        null,
        null,
        1,
        1,
        null,
        null,
        1,
        0,
        1,
        1,
        1,
        null,
        0,
        0,
        null,
        null,
        null,
        1,
        1,
        null,
        1,
        1,
        null,
        null
      ],
      "/home/itkoskin/Documents/Projects/ratebeer/app/controllers/memberships_controller.rb": [
        0,
        0,
        0,
        0,
        0,
        0,
        0,
        0,
        0,
        0,
        0,
        0,
        0,
        0,
        0,
        0,
        0,
        0,
        0,
        0,
        0,
        0,
        0,
        0,
        0,
        0,
        0,
        0,
        0,
        0,
        0,
        0,
        0,
        0,
        0,
        0,
        0,
        0,
        0,
        0,
        0,
        0,
        0,
        0,
        0,
        0,
        0,
        0,
        0,
        0,
        0,
        0,
        0,
        0,
        0,
        0,
        0,
        0,
        0,
        0,
        0,
        0,
        0,
        0,
        0,
        0,
        0,
        0,
        0,
        0,
        0,
        0,
        0,
        0,
        0,
        0,
        0,
        0,
        0,
        0
      ],
      "/home/itkoskin/Documents/Projects/ratebeer/app/controllers/beer_clubs_controller.rb": [
        0,
        0,
        0,
        0,
        0,
        0,
        0,
        0,
        0,
        0,
        0,
        0,
        0,
        0,
        0,
        0,
        0,
        0,
        0,
        0,
        0,
        0,
        0,
        0,
        0,
        0,
        0,
        0,
        0,
        0,
        0,
        0,
        0,
        0,
        0,
        0,
        0,
        0,
        0,
        0,
        0,
        0,
        0,
        0,
        0,
        0,
        0,
        0,
        0,
        0,
        0,
        0,
        0,
        0,
        0,
        0,
        0,
        0,
        0,
        0,
        0,
        0,
        0,
        0,
        0,
        0,
        0,
        0,
        0,
        0,
        0,
        0,
        0,
        0,
        0,
        0,
        0,
        0,
        0,
        0,
        0,
        0,
        0,
        0,
        0
      ],
      "/home/itkoskin/Documents/Projects/ratebeer/app/models/membership.rb": [
        0,
        0,
        0,
        0
      ],
      "/home/itkoskin/Documents/Projects/ratebeer/app/models/beer_club.rb": [
        0,
        0,
        0,
        0
      ]
    },
    "timestamp": 1487533560
  }
}
